# JRE version: Java(TM) SE Runtime Environment (23.0.1+11) (build 23.0.1+11-39)
# Java VM: Java HotSpot(TM) 64-Bit Server VM (23.0.1+11-39, mixed mode, sharing, tiered, compressed oops, compressed class ptrs, g1 gc, windows-amd64)
GC Precious Log:
 CardTable entry size: 512
 Card Set container configuration: InlinePtr #cards 4 size 8 Array Of Cards #cards 16 size 48 Howl #buckets 8 coarsen threshold 3686 Howl Bitmap #cards 512 size 80 coarsen threshold 460 Card regions per heap region 1 cards per card region 4096
 CPUs: 12 total, 12 available
 Memory: 16076M
 Large Page Support: Disabled
 NUMA Support: Disabled
 Compressed Oops: Enabled (Zero based)
 Heap Region Size: 2M
 Heap Min Capacity: 8M
 Heap Initial Capacity: 252M
 Heap Max Capacity: 4020M
 Pre-touch: Disabled
 Parallel Workers: 10
 Concurrent Workers: 3
 Concurrent Refinement Workers: 10
 Periodic GC: Disabled
Heap:
 garbage-first heap   total reserved 4116480K, committed 55296K, used 32217K [0x0000000704c00000, 0x0000000800000000)
  region size 2048K, 1 young (2048K), 1 survivors (2048K)
 Metaspace       used 51730K, committed 52864K, reserved 1114112K
  class space    used 5802K, committed 6272K, reserved 1048576K
GC Heap History (20 events):
Event: 16.360 GC heap after
{Heap after GC invocations=7 (full 0):
 garbage-first heap   total reserved 4116480K, committed 49152K, used 16443K [0x0000000704c00000, 0x0000000800000000)
  region size 2048K, 1 young (2048K), 1 survivors (2048K)
 Metaspace       used 29520K, committed 30400K, reserved 1114112K
  class space    used 3090K, committed 3456K, reserved 1048576K
}
Event: 16.898 GC heap before
{Heap before GC invocations=7 (full 0):
 garbage-first heap   total reserved 4116480K, committed 49152K, used 34875K [0x0000000704c00000, 0x0000000800000000)
  region size 2048K, 11 young (22528K), 1 survivors (2048K)
 Metaspace       used 33061K, committed 33984K, reserved 1114112K
  class space    used 3509K, committed 3904K, reserved 1048576K
}
Event: 16.906 GC heap after
{Heap after GC invocations=8 (full 0):
 garbage-first heap   total reserved 4116480K, committed 49152K, used 18164K [0x0000000704c00000, 0x0000000800000000)
  region size 2048K, 2 young (4096K), 2 survivors (4096K)
 Metaspace       used 33061K, committed 33984K, reserved 1114112K
  class space    used 3509K, committed 3904K, reserved 1048576K
}
Event: 17.232 GC heap before
{Heap before GC invocations=8 (full 0):
 garbage-first heap   total reserved 4116480K, committed 49152K, used 28404K [0x0000000704c00000, 0x0000000800000000)
  region size 2048K, 9 young (18432K), 2 survivors (4096K)
 Metaspace       used 35329K, committed 36288K, reserved 1114112K
  class space    used 3772K, committed 4224K, reserved 1048576K
}
Event: 17.238 GC heap after
{Heap after GC invocations=9 (full 0):
 garbage-first heap   total reserved 4116480K, committed 49152K, used 19791K [0x0000000704c00000, 0x0000000800000000)
  region size 2048K, 2 young (4096K), 2 survivors (4096K)
 Metaspace       used 35329K, committed 36288K, reserved 1114112K
  class space    used 3772K, committed 4224K, reserved 1048576K
}
Event: 18.077 GC heap before
{Heap before GC invocations=10 (full 0):
 garbage-first heap   total reserved 4116480K, committed 49152K, used 36175K [0x0000000704c00000, 0x0000000800000000)
  region size 2048K, 11 young (22528K), 2 survivors (4096K)
 Metaspace       used 41460K, committed 42432K, reserved 1114112K
  class space    used 4573K, committed 4992K, reserved 1048576K
}
Event: 18.084 GC heap after
{Heap after GC invocations=11 (full 0):
 garbage-first heap   total reserved 4116480K, committed 49152K, used 21907K [0x0000000704c00000, 0x0000000800000000)
  region size 2048K, 2 young (4096K), 2 survivors (4096K)
 Metaspace       used 41460K, committed 42432K, reserved 1114112K
  class space    used 4573K, committed 4992K, reserved 1048576K
}
Event: 18.758 GC heap before
{Heap before GC invocations=11 (full 0):
 garbage-first heap   total reserved 4116480K, committed 49152K, used 36243K [0x0000000704c00000, 0x0000000800000000)
  region size 2048K, 10 young (20480K), 2 survivors (4096K)
 Metaspace       used 44060K, committed 45056K, reserved 1114112K
  class space    used 4929K, committed 5376K, reserved 1048576K
}
Event: 18.764 GC heap after
{Heap after GC invocations=12 (full 0):
 garbage-first heap   total reserved 4116480K, committed 49152K, used 23875K [0x0000000704c00000, 0x0000000800000000)
  region size 2048K, 2 young (4096K), 2 survivors (4096K)
 Metaspace       used 44060K, committed 45056K, reserved 1114112K
  class space    used 4929K, committed 5376K, reserved 1048576K
}
Event: 19.774 GC heap before
{Heap before GC invocations=12 (full 0):
 garbage-first heap   total reserved 4116480K, committed 49152K, used 40259K [0x0000000704c00000, 0x0000000800000000)
  region size 2048K, 10 young (20480K), 2 survivors (4096K)
 Metaspace       used 46574K, committed 47552K, reserved 1114112K
  class space    used 5259K, committed 5696K, reserved 1048576K
}
Event: 19.781 GC heap after
{Heap after GC invocations=13 (full 0):
 garbage-first heap   total reserved 4116480K, committed 49152K, used 25620K [0x0000000704c00000, 0x0000000800000000)
  region size 2048K, 1 young (2048K), 1 survivors (2048K)
 Metaspace       used 46574K, committed 47552K, reserved 1114112K
  class space    used 5259K, committed 5696K, reserved 1048576K
}
Event: 20.907 GC heap before
{Heap before GC invocations=13 (full 0):
 garbage-first heap   total reserved 4116480K, committed 49152K, used 39956K [0x0000000704c00000, 0x0000000800000000)
  region size 2048K, 9 young (18432K), 1 survivors (2048K)
 Metaspace       used 50141K, committed 51200K, reserved 1114112K
  class space    used 5677K, committed 6144K, reserved 1048576K
}
Event: 20.913 GC heap after
{Heap after GC invocations=14 (full 0):
 garbage-first heap   total reserved 4116480K, committed 49152K, used 27204K [0x0000000704c00000, 0x0000000800000000)
  region size 2048K, 2 young (4096K), 2 survivors (4096K)
 Metaspace       used 50141K, committed 51200K, reserved 1114112K
  class space    used 5677K, committed 6144K, reserved 1048576K
}
Event: 21.493 GC heap before
{Heap before GC invocations=15 (full 0):
 garbage-first heap   total reserved 4116480K, committed 49152K, used 39492K [0x0000000704c00000, 0x0000000800000000)
  region size 2048K, 8 young (16384K), 2 survivors (4096K)
 Metaspace       used 50640K, committed 51712K, reserved 1114112K
  class space    used 5722K, committed 6208K, reserved 1048576K
}
Event: 21.498 GC heap after
{Heap after GC invocations=16 (full 0):
 garbage-first heap   total reserved 4116480K, committed 49152K, used 28598K [0x0000000704c00000, 0x0000000800000000)
  region size 2048K, 1 young (2048K), 1 survivors (2048K)
 Metaspace       used 50640K, committed 51712K, reserved 1114112K
  class space    used 5722K, committed 6208K, reserved 1048576K
}
Event: 21.881 GC heap before
{Heap before GC invocations=16 (full 0):
 garbage-first heap   total reserved 4116480K, committed 49152K, used 38838K [0x0000000704c00000, 0x0000000800000000)
  region size 2048K, 7 young (14336K), 1 survivors (2048K)
 Metaspace       used 50909K, committed 52032K, reserved 1114112K
  class space    used 5750K, committed 6208K, reserved 1048576K
}
Event: 21.887 GC heap after
{Heap after GC invocations=17 (full 0):
 garbage-first heap   total reserved 4116480K, committed 49152K, used 30270K [0x0000000704c00000, 0x0000000800000000)
  region size 2048K, 1 young (2048K), 1 survivors (2048K)
 Metaspace       used 50909K, committed 52032K, reserved 1114112K
  class space    used 5750K, committed 6208K, reserved 1048576K
}
Event: 22.234 GC heap before
{Heap before GC invocations=17 (full 0):
 garbage-first heap   total reserved 4116480K, committed 49152K, used 42558K [0x0000000704c00000, 0x0000000800000000)
  region size 2048K, 7 young (14336K), 1 survivors (2048K)
 Metaspace       used 51121K, committed 52224K, reserved 1114112K
  class space    used 5756K, committed 6272K, reserved 1048576K
}
Event: 22.237 GC heap after
{Heap after GC invocations=18 (full 0):
 garbage-first heap   total reserved 4116480K, committed 49152K, used 31178K [0x0000000704c00000, 0x0000000800000000)
  region size 2048K, 1 young (2048K), 1 survivors (2048K)
 Metaspace       used 51121K, committed 52224K, reserved 1114112K
  class space    used 5756K, committed 6272K, reserved 1048576K
}
Event: 22.494 GC heap before
{Heap before GC invocations=19 (full 0):
 garbage-first heap   total reserved 4116480K, committed 55296K, used 41418K [0x0000000704c00000, 0x0000000800000000)
  region size 2048K, 6 young (12288K), 1 survivors (2048K)
 Metaspace       used 51730K, committed 52864K, reserved 1114112K
  class space    used 5802K, committed 6272K, reserved 1048576K
}

