# JRE version: OpenJDK Runtime Environment Temurin-21.0.10+7 (21.0.10+7) (build 21.0.10+7-LTS)
# Java VM: OpenJDK 64-Bit Server VM Temurin-21.0.10+7 (21.0.10+7-LTS, mixed mode, sharing, tiered, compressed oops, compressed class ptrs, parallel gc, windows-amd64)
GC Precious Log:
 CardTable entry size: 512
 CPUs: 12 total, 12 available
 Memory: 16076M
 Large Page Support: Disabled
 NUMA Support: Disabled
 Compressed Oops: Enabled (32-bit)
 Alignments: Space 512K, Generation 512K, Heap 2M
 Heap Min Capacity: 100M
 Heap Initial Capacity: 100M
 Heap Max Capacity: 2G
 Pre-touch: Disabled
 Parallel Workers: 10
Heap:
 PSYoungGen      total 19456K, used 17261K [0x00000000d5580000, 0x00000000d6f80000, 0x0000000100000000)
  eden space 18432K, 88% used [0x00000000d5580000,0x00000000d655d0f0,0x00000000d6780000)
  from space 1024K, 99% used [0x00000000d6e80000,0x00000000d6f7e678,0x00000000d6f80000)
  to   space 1024K, 0% used [0x00000000d6d80000,0x00000000d6d80000,0x00000000d6e80000)
 ParOldGen       total 68608K, used 57445K [0x0000000080000000, 0x0000000084300000, 0x00000000d5580000)
  object space 68608K, 83% used [0x0000000080000000,0x0000000083819508,0x0000000084300000)
 Metaspace       used 54395K, committed 55680K, reserved 1114112K
  class space    used 5836K, committed 6400K, reserved 1048576K
GC Heap History (20 events):
Event: 28.000 GC heap before
{Heap before GC invocations=25 (full 2):
 PSYoungGen      total 22016K, used 21984K [0x00000000d5580000, 0x00000000d6e80000, 0x0000000100000000)
  eden space 19968K, 100% used [0x00000000d5580000,0x00000000d6900000,0x00000000d6900000)
  from space 2048K, 98% used [0x00000000d6c80000,0x00000000d6e78000,0x00000000d6e80000)
  to   space 2560K, 0% used [0x00000000d6980000,0x00000000d6980000,0x00000000d6c00000)
 ParOldGen       total 68608K, used 34658K [0x0000000080000000, 0x0000000084300000, 0x00000000d5580000)
  object space 68608K, 50% used [0x0000000080000000,0x00000000821d8868,0x0000000084300000)
 Metaspace       used 45983K, committed 47168K, reserved 1114112K
  class space    used 4902K, committed 5440K, reserved 1048576K
}
Event: 28.009 GC heap after
{Heap after GC invocations=25 (full 2):
 PSYoungGen      total 22016K, used 1924K [0x00000000d5580000, 0x00000000d6d00000, 0x0000000100000000)
  eden space 19968K, 0% used [0x00000000d5580000,0x00000000d5580000,0x00000000d6900000)
  from space 2048K, 93% used [0x00000000d6980000,0x00000000d6b61000,0x00000000d6b80000)
  to   space 1536K, 0% used [0x00000000d6b80000,0x00000000d6b80000,0x00000000d6d00000)
 ParOldGen       total 68608K, used 36504K [0x0000000080000000, 0x0000000084300000, 0x00000000d5580000)
  object space 68608K, 53% used [0x0000000080000000,0x00000000823a6218,0x0000000084300000)
 Metaspace       used 45983K, committed 47168K, reserved 1114112K
  class space    used 4902K, committed 5440K, reserved 1048576K
}
Event: 28.237 GC heap before
{Heap before GC invocations=26 (full 2):
 PSYoungGen      total 22016K, used 21892K [0x00000000d5580000, 0x00000000d6d00000, 0x0000000100000000)
  eden space 19968K, 100% used [0x00000000d5580000,0x00000000d6900000,0x00000000d6900000)
  from space 2048K, 93% used [0x00000000d6980000,0x00000000d6b61000,0x00000000d6b80000)
  to   space 1536K, 0% used [0x00000000d6b80000,0x00000000d6b80000,0x00000000d6d00000)
 ParOldGen       total 68608K, used 36504K [0x0000000080000000, 0x0000000084300000, 0x00000000d5580000)
  object space 68608K, 53% used [0x0000000080000000,0x00000000823a6218,0x0000000084300000)
 Metaspace       used 46107K, committed 47296K, reserved 1114112K
  class space    used 4920K, committed 5440K, reserved 1048576K
}
Event: 28.246 GC heap after
{Heap after GC invocations=26 (full 2):
 PSYoungGen      total 19968K, used 1536K [0x00000000d5580000, 0x00000000d7100000, 0x0000000100000000)
  eden space 18432K, 0% used [0x00000000d5580000,0x00000000d5580000,0x00000000d6780000)
  from space 1536K, 100% used [0x00000000d6b80000,0x00000000d6d00000,0x00000000d6d00000)
  to   space 4096K, 0% used [0x00000000d6780000,0x00000000d6780000,0x00000000d6b80000)
 ParOldGen       total 68608K, used 38528K [0x0000000080000000, 0x0000000084300000, 0x00000000d5580000)
  object space 68608K, 56% used [0x0000000080000000,0x00000000825a0318,0x0000000084300000)
 Metaspace       used 46107K, committed 47296K, reserved 1114112K
  class space    used 4920K, committed 5440K, reserved 1048576K
}
Event: 28.758 GC heap before
{Heap before GC invocations=27 (full 2):
 PSYoungGen      total 19968K, used 19968K [0x00000000d5580000, 0x00000000d7100000, 0x0000000100000000)
  eden space 18432K, 100% used [0x00000000d5580000,0x00000000d6780000,0x00000000d6780000)
  from space 1536K, 100% used [0x00000000d6b80000,0x00000000d6d00000,0x00000000d6d00000)
  to   space 4096K, 0% used [0x00000000d6780000,0x00000000d6780000,0x00000000d6b80000)
 ParOldGen       total 68608K, used 38528K [0x0000000080000000, 0x0000000084300000, 0x00000000d5580000)
  object space 68608K, 56% used [0x0000000080000000,0x00000000825a0318,0x0000000084300000)
 Metaspace       used 46399K, committed 47616K, reserved 1114112K
  class space    used 4959K, committed 5504K, reserved 1048576K
}
Event: 28.767 GC heap after
{Heap after GC invocations=27 (full 2):
 PSYoungGen      total 20480K, used 1920K [0x00000000d5580000, 0x00000000d6c80000, 0x0000000100000000)
  eden space 18432K, 0% used [0x00000000d5580000,0x00000000d5580000,0x00000000d6780000)
  from space 2048K, 93% used [0x00000000d6780000,0x00000000d6960010,0x00000000d6980000)
  to   space 2560K, 0% used [0x00000000d6a00000,0x00000000d6a00000,0x00000000d6c80000)
 ParOldGen       total 68608K, used 40072K [0x0000000080000000, 0x0000000084300000, 0x00000000d5580000)
  object space 68608K, 58% used [0x0000000080000000,0x0000000082722318,0x0000000084300000)
 Metaspace       used 46399K, committed 47616K, reserved 1114112K
  class space    used 4959K, committed 5504K, reserved 1048576K
}
Event: 29.121 GC heap before
{Heap before GC invocations=28 (full 2):
 PSYoungGen      total 20480K, used 20352K [0x00000000d5580000, 0x00000000d6c80000, 0x0000000100000000)
  eden space 18432K, 100% used [0x00000000d5580000,0x00000000d6780000,0x00000000d6780000)
  from space 2048K, 93% used [0x00000000d6780000,0x00000000d6960010,0x00000000d6980000)
  to   space 2560K, 0% used [0x00000000d6a00000,0x00000000d6a00000,0x00000000d6c80000)
 ParOldGen       total 68608K, used 40072K [0x0000000080000000, 0x0000000084300000, 0x00000000d5580000)
  object space 68608K, 58% used [0x0000000080000000,0x0000000082722318,0x0000000084300000)
 Metaspace       used 46558K, committed 47744K, reserved 1114112K
  class space    used 4983K, committed 5504K, reserved 1048576K
}
Event: 29.129 GC heap after
{Heap after GC invocations=28 (full 2):
 PSYoungGen      total 20480K, used 1752K [0x00000000d5580000, 0x00000000d6c00000, 0x0000000100000000)
  eden space 18432K, 0% used [0x00000000d5580000,0x00000000d5580000,0x00000000d6780000)
  from space 2048K, 85% used [0x00000000d6a00000,0x00000000d6bb6200,0x00000000d6c00000)
  to   space 2048K, 0% used [0x00000000d6780000,0x00000000d6780000,0x00000000d6980000)
 ParOldGen       total 68608K, used 41864K [0x0000000080000000, 0x0000000084300000, 0x00000000d5580000)
  object space 68608K, 61% used [0x0000000080000000,0x00000000828e2328,0x0000000084300000)
 Metaspace       used 46558K, committed 47744K, reserved 1114112K
  class space    used 4983K, committed 5504K, reserved 1048576K
}
Event: 29.638 GC heap before
{Heap before GC invocations=29 (full 2):
 PSYoungGen      total 20480K, used 20184K [0x00000000d5580000, 0x00000000d6c00000, 0x0000000100000000)
  eden space 18432K, 100% used [0x00000000d5580000,0x00000000d6780000,0x00000000d6780000)
  from space 2048K, 85% used [0x00000000d6a00000,0x00000000d6bb6200,0x00000000d6c00000)
  to   space 2048K, 0% used [0x00000000d6780000,0x00000000d6780000,0x00000000d6980000)
 ParOldGen       total 68608K, used 41864K [0x0000000080000000, 0x0000000084300000, 0x00000000d5580000)
  object space 68608K, 61% used [0x0000000080000000,0x00000000828e2328,0x0000000084300000)
 Metaspace       used 47592K, committed 48768K, reserved 1114112K
  class space    used 5097K, committed 5632K, reserved 1048576K
}
Event: 29.658 GC heap after
{Heap after GC invocations=29 (full 2):
 PSYoungGen      total 20480K, used 2031K [0x00000000d5580000, 0x00000000d7980000, 0x0000000100000000)
  eden space 18432K, 0% used [0x00000000d5580000,0x00000000d5580000,0x00000000d6780000)
  from space 2048K, 99% used [0x00000000d6780000,0x00000000d697bf10,0x00000000d6980000)
  to   space 9216K, 0% used [0x00000000d7080000,0x00000000d7080000,0x00000000d7980000)
 ParOldGen       total 68608K, used 47606K [0x0000000080000000, 0x0000000084300000, 0x00000000d5580000)
  object space 68608K, 69% used [0x0000000080000000,0x0000000082e7dab8,0x0000000084300000)
 Metaspace       used 47592K, committed 48768K, reserved 1114112K
  class space    used 5097K, committed 5632K, reserved 1048576K
}
Event: 30.732 GC heap before
{Heap before GC invocations=30 (full 2):
 PSYoungGen      total 20480K, used 20463K [0x00000000d5580000, 0x00000000d7980000, 0x0000000100000000)
  eden space 18432K, 100% used [0x00000000d5580000,0x00000000d6780000,0x00000000d6780000)
  from space 2048K, 99% used [0x00000000d6780000,0x00000000d697bf10,0x00000000d6980000)
  to   space 9216K, 0% used [0x00000000d7080000,0x00000000d7080000,0x00000000d7980000)
 ParOldGen       total 68608K, used 47606K [0x0000000080000000, 0x0000000084300000, 0x00000000d5580000)
  object space 68608K, 69% used [0x0000000080000000,0x0000000082e7dab8,0x0000000084300000)
 Metaspace       used 49765K, committed 51008K, reserved 1114112K
  class space    used 5306K, committed 5824K, reserved 1048576K
}
Event: 30.740 GC heap after
{Heap after GC invocations=30 (full 2):
 PSYoungGen      total 20480K, used 1696K [0x00000000d5580000, 0x00000000d7280000, 0x0000000100000000)
  eden space 18432K, 0% used [0x00000000d5580000,0x00000000d5580000,0x00000000d6780000)
  from space 2048K, 82% used [0x00000000d7080000,0x00000000d7228010,0x00000000d7280000)
  to   space 4096K, 0% used [0x00000000d6a80000,0x00000000d6a80000,0x00000000d6e80000)
 ParOldGen       total 68608K, used 49598K [0x0000000080000000, 0x0000000084300000, 0x00000000d5580000)
  object space 68608K, 72% used [0x0000000080000000,0x000000008306fac8,0x0000000084300000)
 Metaspace       used 49765K, committed 51008K, reserved 1114112K
  class space    used 5306K, committed 5824K, reserved 1048576K
}
Event: 31.755 GC heap before
{Heap before GC invocations=31 (full 2):
 PSYoungGen      total 20480K, used 20128K [0x00000000d5580000, 0x00000000d7280000, 0x0000000100000000)
  eden space 18432K, 100% used [0x00000000d5580000,0x00000000d6780000,0x00000000d6780000)
  from space 2048K, 82% used [0x00000000d7080000,0x00000000d7228010,0x00000000d7280000)
  to   space 4096K, 0% used [0x00000000d6a80000,0x00000000d6a80000,0x00000000d6e80000)
 ParOldGen       total 68608K, used 49598K [0x0000000080000000, 0x0000000084300000, 0x00000000d5580000)
  object space 68608K, 72% used [0x0000000080000000,0x000000008306fac8,0x0000000084300000)
 Metaspace       used 51726K, committed 52992K, reserved 1114112K
  class space    used 5562K, committed 6080K, reserved 1048576K
}
Event: 31.760 GC heap after
{Heap after GC invocations=31 (full 2):
 PSYoungGen      total 22528K, used 1064K [0x00000000d5580000, 0x00000000d7100000, 0x0000000100000000)
  eden space 18432K, 0% used [0x00000000d5580000,0x00000000d5580000,0x00000000d6780000)
  from space 4096K, 25% used [0x00000000d6a80000,0x00000000d6b8a318,0x00000000d6e80000)
  to   space 2048K, 0% used [0x00000000d6f00000,0x00000000d6f00000,0x00000000d7100000)
 ParOldGen       total 68608K, used 51090K [0x0000000080000000, 0x0000000084300000, 0x00000000d5580000)
  object space 68608K, 74% used [0x0000000080000000,0x00000000831e4870,0x0000000084300000)
 Metaspace       used 51726K, committed 52992K, reserved 1114112K
  class space    used 5562K, committed 6080K, reserved 1048576K
}
Event: 33.326 GC heap before
{Heap before GC invocations=32 (full 2):
 PSYoungGen      total 22528K, used 19496K [0x00000000d5580000, 0x00000000d7100000, 0x0000000100000000)
  eden space 18432K, 100% used [0x00000000d5580000,0x00000000d6780000,0x00000000d6780000)
  from space 4096K, 25% used [0x00000000d6a80000,0x00000000d6b8a318,0x00000000d6e80000)
  to   space 2048K, 0% used [0x00000000d6f00000,0x00000000d6f00000,0x00000000d7100000)
 ParOldGen       total 68608K, used 51090K [0x0000000080000000, 0x0000000084300000, 0x00000000d5580000)
  object space 68608K, 74% used [0x0000000080000000,0x00000000831e4870,0x0000000084300000)
 Metaspace       used 52511K, committed 53824K, reserved 1114112K
  class space    used 5658K, committed 6208K, reserved 1048576K
}
Event: 33.332 GC heap after
{Heap after GC invocations=32 (full 2):
 PSYoungGen      total 19968K, used 1083K [0x00000000d5580000, 0x00000000d7080000, 0x0000000100000000)
  eden space 18432K, 0% used [0x00000000d5580000,0x00000000d5580000,0x00000000d6780000)
  from space 1536K, 70% used [0x00000000d6f00000,0x00000000d700eee8,0x00000000d7080000)
  to   space 1536K, 0% used [0x00000000d6d80000,0x00000000d6d80000,0x00000000d6f00000)
 ParOldGen       total 68608K, used 52080K [0x0000000080000000, 0x0000000084300000, 0x00000000d5580000)
  object space 68608K, 75% used [0x0000000080000000,0x00000000832dc200,0x0000000084300000)
 Metaspace       used 52511K, committed 53824K, reserved 1114112K
  class space    used 5658K, committed 6208K, reserved 1048576K
}
Event: 34.181 GC heap before
{Heap before GC invocations=33 (full 2):
 PSYoungGen      total 19968K, used 19515K [0x00000000d5580000, 0x00000000d7080000, 0x0000000100000000)
  eden space 18432K, 100% used [0x00000000d5580000,0x00000000d6780000,0x00000000d6780000)
  from space 1536K, 70% used [0x00000000d6f00000,0x00000000d700eee8,0x00000000d7080000)
  to   space 1536K, 0% used [0x00000000d6d80000,0x00000000d6d80000,0x00000000d6f00000)
 ParOldGen       total 68608K, used 52080K [0x0000000080000000, 0x0000000084300000, 0x00000000d5580000)
  object space 68608K, 75% used [0x0000000080000000,0x00000000832dc200,0x0000000084300000)
 Metaspace       used 53810K, committed 55104K, reserved 1114112K
  class space    used 5786K, committed 6336K, reserved 1048576K
}
Event: 34.185 GC heap after
{Heap after GC invocations=33 (full 2):
 PSYoungGen      total 19456K, used 512K [0x00000000d5580000, 0x00000000d6f80000, 0x0000000100000000)
  eden space 18432K, 0% used [0x00000000d5580000,0x00000000d5580000,0x00000000d6780000)
  from space 1024K, 50% used [0x00000000d6d80000,0x00000000d6e00020,0x00000000d6e80000)
  to   space 1024K, 0% used [0x00000000d6e80000,0x00000000d6e80000,0x00000000d6f80000)
 ParOldGen       total 68608K, used 52913K [0x0000000080000000, 0x0000000084300000, 0x00000000d5580000)
  object space 68608K, 77% used [0x0000000080000000,0x00000000833ac7d8,0x0000000084300000)
 Metaspace       used 53810K, committed 55104K, reserved 1114112K
  class space    used 5786K, committed 6336K, reserved 1048576K
}
Event: 35.881 GC heap before
{Heap before GC invocations=34 (full 2):
 PSYoungGen      total 19456K, used 18944K [0x00000000d5580000, 0x00000000d6f80000, 0x0000000100000000)
  eden space 18432K, 100% used [0x00000000d5580000,0x00000000d6780000,0x00000000d6780000)
  from space 1024K, 50% used [0x00000000d6d80000,0x00000000d6e00020,0x00000000d6e80000)
  to   space 1024K, 0% used [0x00000000d6e80000,0x00000000d6e80000,0x00000000d6f80000)
 ParOldGen       total 68608K, used 52913K [0x0000000080000000, 0x0000000084300000, 0x00000000d5580000)
  object space 68608K, 77% used [0x0000000080000000,0x00000000833ac7d8,0x0000000084300000)
 Metaspace       used 53950K, committed 55232K, reserved 1114112K
  class space    used 5802K, committed 6336K, reserved 1048576K
}
Event: 37.901 GC heap after
{Heap after GC invocations=34 (full 2):
 PSYoungGen      total 19456K, used 1017K [0x00000000d5580000, 0x00000000d6f80000, 0x0000000100000000)
  eden space 18432K, 0% used [0x00000000d5580000,0x00000000d5580000,0x00000000d6780000)
  from space 1024K, 99% used [0x00000000d6e80000,0x00000000d6f7e678,0x00000000d6f80000)
  to   space 1024K, 0% used [0x00000000d6d80000,0x00000000d6d80000,0x00000000d6e80000)
 ParOldGen       total 68608K, used 57445K [0x0000000080000000, 0x0000000084300000, 0x00000000d5580000)
  object space 68608K, 83% used [0x0000000080000000,0x0000000083819508,0x0000000084300000)
 Metaspace       used 53950K, committed 55232K, reserved 1114112K
  class space    used 5802K, committed 6336K, reserved 1048576K
}

