# JRE version: OpenJDK Runtime Environment Temurin-21.0.10+7 (21.0.10+7) (build 21.0.10+7-LTS)
# Java VM: OpenJDK 64-Bit Server VM Temurin-21.0.10+7 (21.0.10+7-LTS, mixed mode, sharing, tiered, compressed oops, compressed class ptrs, parallel gc, windows-amd64)
GC Precious Log:
 CardTable entry size: 512
 CPUs: 12 total, 12 available
 Memory: 16076M
 Large Page Support: Disabled
 NUMA Support: Disabled
 Compressed Oops: Enabled (32-bit)
 Alignments: Space 512K, Generation 512K, Heap 2M
 Heap Min Capacity: 100M
 Heap Initial Capacity: 100M
 Heap Max Capacity: 2G
 Pre-touch: Disabled
 Parallel Workers: 10
Heap:
 PSYoungGen      total 9728K, used 8516K [0x00000000d5580000, 0x00000000d6100000, 0x0000000100000000)
  eden space 8704K, 90% used [0x00000000d5580000,0x00000000d5d39068,0x00000000d5e00000)
  from space 1024K, 59% used [0x00000000d6000000,0x00000000d6098000,0x00000000d6100000)
  to   space 1024K, 0% used [0x00000000d5e00000,0x00000000d5e00000,0x00000000d5f00000)
 ParOldGen       total 254976K, used 254691K [0x0000000080000000, 0x000000008f900000, 0x00000000d5580000)
  object space 254976K, 99% used [0x0000000080000000,0x000000008f8b8f88,0x000000008f900000)
 Metaspace       used 70318K, committed 72000K, reserved 1114112K
  class space    used 7162K, committed 7936K, reserved 1048576K
GC Heap History (20 events):
Event: 39.614 GC heap before
{Heap before GC invocations=566 (full 3):
 PSYoungGen      total 9216K, used 9080K [0x00000000d5580000, 0x00000000d5f80000, 0x0000000100000000)
  eden space 8704K, 100% used [0x00000000d5580000,0x00000000d5e00000,0x00000000d5e00000)
  from space 512K, 73% used [0x00000000d5f00000,0x00000000d5f5e218,0x00000000d5f80000)
  to   space 512K, 0% used [0x00000000d5e80000,0x00000000d5e80000,0x00000000d5f00000)
 ParOldGen       total 249856K, used 249348K [0x0000000080000000, 0x000000008f400000, 0x00000000d5580000)
  object space 249856K, 99% used [0x0000000080000000,0x000000008f3811c0,0x000000008f400000)
 Metaspace       used 68718K, committed 70272K, reserved 1114112K
  class space    used 7030K, committed 7744K, reserved 1048576K
}
Event: 39.617 GC heap after
{Heap after GC invocations=566 (full 3):
 PSYoungGen      total 9216K, used 483K [0x00000000d5580000, 0x00000000d6300000, 0x0000000100000000)
  eden space 8704K, 0% used [0x00000000d5580000,0x00000000d5580000,0x00000000d5e00000)
  from space 512K, 94% used [0x00000000d5e80000,0x00000000d5ef8e20,0x00000000d5f00000)
  to   space 2560K, 0% used [0x00000000d6080000,0x00000000d6080000,0x00000000d6300000)
 ParOldGen       total 251904K, used 251096K [0x0000000080000000, 0x000000008f600000, 0x00000000d5580000)
  object space 251904K, 99% used [0x0000000080000000,0x000000008f536158,0x000000008f600000)
 Metaspace       used 68718K, committed 70272K, reserved 1114112K
  class space    used 7030K, committed 7744K, reserved 1048576K
}
Event: 39.641 GC heap before
{Heap before GC invocations=567 (full 3):
 PSYoungGen      total 9216K, used 9187K [0x00000000d5580000, 0x00000000d6300000, 0x0000000100000000)
  eden space 8704K, 100% used [0x00000000d5580000,0x00000000d5e00000,0x00000000d5e00000)
  from space 512K, 94% used [0x00000000d5e80000,0x00000000d5ef8e20,0x00000000d5f00000)
  to   space 2560K, 0% used [0x00000000d6080000,0x00000000d6080000,0x00000000d6300000)
 ParOldGen       total 251904K, used 251153K [0x0000000080000000, 0x000000008f600000, 0x00000000d5580000)
  object space 251904K, 99% used [0x0000000080000000,0x000000008f544768,0x000000008f600000)
 Metaspace       used 68749K, committed 70272K, reserved 1114112K
  class space    used 7034K, committed 7744K, reserved 1048576K
}
Event: 39.644 GC heap after
{Heap after GC invocations=567 (full 3):
 PSYoungGen      total 9728K, used 666K [0x00000000d5580000, 0x00000000d6180000, 0x0000000100000000)
  eden space 8704K, 0% used [0x00000000d5580000,0x00000000d5580000,0x00000000d5e00000)
  from space 1024K, 65% used [0x00000000d6080000,0x00000000d6126af8,0x00000000d6180000)
  to   space 1536K, 0% used [0x00000000d5e80000,0x00000000d5e80000,0x00000000d6000000)
 ParOldGen       total 251904K, used 251489K [0x0000000080000000, 0x000000008f600000, 0x00000000d5580000)
  object space 251904K, 99% used [0x0000000080000000,0x000000008f598768,0x000000008f600000)
 Metaspace       used 68749K, committed 70272K, reserved 1114112K
  class space    used 7034K, committed 7744K, reserved 1048576K
}
Event: 39.671 GC heap before
{Heap before GC invocations=568 (full 3):
 PSYoungGen      total 9728K, used 9370K [0x00000000d5580000, 0x00000000d6180000, 0x0000000100000000)
  eden space 8704K, 100% used [0x00000000d5580000,0x00000000d5e00000,0x00000000d5e00000)
  from space 1024K, 65% used [0x00000000d6080000,0x00000000d6126af8,0x00000000d6180000)
  to   space 1536K, 0% used [0x00000000d5e80000,0x00000000d5e80000,0x00000000d6000000)
 ParOldGen       total 251904K, used 251491K [0x0000000080000000, 0x000000008f600000, 0x00000000d5580000)
  object space 251904K, 99% used [0x0000000080000000,0x000000008f598e90,0x000000008f600000)
 Metaspace       used 68975K, committed 70464K, reserved 1114112K
  class space    used 7055K, committed 7744K, reserved 1048576K
}
Event: 39.674 GC heap after
{Heap after GC invocations=568 (full 3):
 PSYoungGen      total 10240K, used 590K [0x00000000d5580000, 0x00000000d6100000, 0x0000000100000000)
  eden space 8704K, 0% used [0x00000000d5580000,0x00000000d5580000,0x00000000d5e00000)
  from space 1536K, 38% used [0x00000000d5e80000,0x00000000d5f13bd8,0x00000000d6000000)
  to   space 1024K, 0% used [0x00000000d6000000,0x00000000d6000000,0x00000000d6100000)
 ParOldGen       total 251904K, used 251850K [0x0000000080000000, 0x000000008f600000, 0x00000000d5580000)
  object space 251904K, 99% used [0x0000000080000000,0x000000008f5f28a0,0x000000008f600000)
 Metaspace       used 68975K, committed 70464K, reserved 1114112K
  class space    used 7055K, committed 7744K, reserved 1048576K
}
Event: 39.706 GC heap before
{Heap before GC invocations=569 (full 3):
 PSYoungGen      total 10240K, used 9294K [0x00000000d5580000, 0x00000000d6100000, 0x0000000100000000)
  eden space 8704K, 100% used [0x00000000d5580000,0x00000000d5e00000,0x00000000d5e00000)
  from space 1536K, 38% used [0x00000000d5e80000,0x00000000d5f13bd8,0x00000000d6000000)
  to   space 1024K, 0% used [0x00000000d6000000,0x00000000d6000000,0x00000000d6100000)
 ParOldGen       total 251904K, used 251850K [0x0000000080000000, 0x000000008f600000, 0x00000000d5580000)
  object space 251904K, 99% used [0x0000000080000000,0x000000008f5f28a0,0x000000008f600000)
 Metaspace       used 69012K, committed 70528K, reserved 1114112K
  class space    used 7063K, committed 7744K, reserved 1048576K
}
Event: 39.709 GC heap after
{Heap after GC invocations=569 (full 3):
 PSYoungGen      total 9728K, used 1014K [0x00000000d5580000, 0x00000000d6100000, 0x0000000100000000)
  eden space 8704K, 0% used [0x00000000d5580000,0x00000000d5580000,0x00000000d5e00000)
  from space 1024K, 99% used [0x00000000d6000000,0x00000000d60fd898,0x00000000d6100000)
  to   space 1536K, 0% used [0x00000000d5e00000,0x00000000d5e00000,0x00000000d5f80000)
 ParOldGen       total 252416K, used 252125K [0x0000000080000000, 0x000000008f680000, 0x00000000d5580000)
  object space 252416K, 99% used [0x0000000080000000,0x000000008f637770,0x000000008f680000)
 Metaspace       used 69012K, committed 70528K, reserved 1114112K
  class space    used 7063K, committed 7744K, reserved 1048576K
}
Event: 39.747 GC heap before
{Heap before GC invocations=570 (full 3):
 PSYoungGen      total 9728K, used 9718K [0x00000000d5580000, 0x00000000d6100000, 0x0000000100000000)
  eden space 8704K, 100% used [0x00000000d5580000,0x00000000d5e00000,0x00000000d5e00000)
  from space 1024K, 99% used [0x00000000d6000000,0x00000000d60fd898,0x00000000d6100000)
  to   space 1536K, 0% used [0x00000000d5e00000,0x00000000d5e00000,0x00000000d5f80000)
 ParOldGen       total 252416K, used 252125K [0x0000000080000000, 0x000000008f680000, 0x00000000d5580000)
  object space 252416K, 99% used [0x0000000080000000,0x000000008f637770,0x000000008f680000)
 Metaspace       used 69028K, committed 70528K, reserved 1114112K
  class space    used 7063K, committed 7744K, reserved 1048576K
}
Event: 39.750 GC heap after
{Heap after GC invocations=570 (full 3):
 PSYoungGen      total 10240K, used 740K [0x00000000d5580000, 0x00000000d6080000, 0x0000000100000000)
  eden space 8704K, 0% used [0x00000000d5580000,0x00000000d5580000,0x00000000d5e00000)
  from space 1536K, 48% used [0x00000000d5e00000,0x00000000d5eb9158,0x00000000d5f80000)
  to   space 1024K, 0% used [0x00000000d5f80000,0x00000000d5f80000,0x00000000d6080000)
 ParOldGen       total 253440K, used 253070K [0x0000000080000000, 0x000000008f780000, 0x00000000d5580000)
  object space 253440K, 99% used [0x0000000080000000,0x000000008f723a98,0x000000008f780000)
 Metaspace       used 69028K, committed 70528K, reserved 1114112K
  class space    used 7063K, committed 7744K, reserved 1048576K
}
Event: 39.779 GC heap before
{Heap before GC invocations=571 (full 3):
 PSYoungGen      total 10240K, used 9444K [0x00000000d5580000, 0x00000000d6080000, 0x0000000100000000)
  eden space 8704K, 100% used [0x00000000d5580000,0x00000000d5e00000,0x00000000d5e00000)
  from space 1536K, 48% used [0x00000000d5e00000,0x00000000d5eb9158,0x00000000d5f80000)
  to   space 1024K, 0% used [0x00000000d5f80000,0x00000000d5f80000,0x00000000d6080000)
 ParOldGen       total 253440K, used 253070K [0x0000000080000000, 0x000000008f780000, 0x00000000d5580000)
  object space 253440K, 99% used [0x0000000080000000,0x000000008f723a98,0x000000008f780000)
 Metaspace       used 69055K, committed 70656K, reserved 1114112K
  class space    used 7066K, committed 7808K, reserved 1048576K
}
Event: 39.782 GC heap after
{Heap after GC invocations=571 (full 3):
 PSYoungGen      total 9728K, used 716K [0x00000000d5580000, 0x00000000d6080000, 0x0000000100000000)
  eden space 8704K, 0% used [0x00000000d5580000,0x00000000d5580000,0x00000000d5e00000)
  from space 1024K, 69% used [0x00000000d5f80000,0x00000000d6033310,0x00000000d6080000)
  to   space 1024K, 0% used [0x00000000d5e80000,0x00000000d5e80000,0x00000000d5f80000)
 ParOldGen       total 253952K, used 253498K [0x0000000080000000, 0x000000008f800000, 0x00000000d5580000)
  object space 253952K, 99% used [0x0000000080000000,0x000000008f78e8c8,0x000000008f800000)
 Metaspace       used 69055K, committed 70656K, reserved 1114112K
  class space    used 7066K, committed 7808K, reserved 1048576K
}
Event: 39.818 GC heap before
{Heap before GC invocations=572 (full 3):
 PSYoungGen      total 9728K, used 9339K [0x00000000d5580000, 0x00000000d6080000, 0x0000000100000000)
  eden space 8704K, 99% used [0x00000000d5580000,0x00000000d5deb9b8,0x00000000d5e00000)
  from space 1024K, 69% used [0x00000000d5f80000,0x00000000d6033310,0x00000000d6080000)
  to   space 1024K, 0% used [0x00000000d5e80000,0x00000000d5e80000,0x00000000d5f80000)
 ParOldGen       total 253952K, used 253498K [0x0000000080000000, 0x000000008f800000, 0x00000000d5580000)
  object space 253952K, 99% used [0x0000000080000000,0x000000008f78e8c8,0x000000008f800000)
 Metaspace       used 69246K, committed 70784K, reserved 1114112K
  class space    used 7078K, committed 7808K, reserved 1048576K
}
Event: 39.820 GC heap after
{Heap after GC invocations=572 (full 3):
 PSYoungGen      total 9216K, used 503K [0x00000000d5580000, 0x00000000d6000000, 0x0000000100000000)
  eden space 8704K, 0% used [0x00000000d5580000,0x00000000d5580000,0x00000000d5e00000)
  from space 512K, 98% used [0x00000000d5e80000,0x00000000d5efdf00,0x00000000d5f00000)
  to   space 1024K, 0% used [0x00000000d5f00000,0x00000000d5f00000,0x00000000d6000000)
 ParOldGen       total 253952K, used 253674K [0x0000000080000000, 0x000000008f800000, 0x00000000d5580000)
  object space 253952K, 99% used [0x0000000080000000,0x000000008f7ba8c8,0x000000008f800000)
 Metaspace       used 69246K, committed 70784K, reserved 1114112K
  class space    used 7078K, committed 7808K, reserved 1048576K
}
Event: 39.867 GC heap before
{Heap before GC invocations=573 (full 3):
 PSYoungGen      total 9216K, used 9207K [0x00000000d5580000, 0x00000000d6000000, 0x0000000100000000)
  eden space 8704K, 100% used [0x00000000d5580000,0x00000000d5e00000,0x00000000d5e00000)
  from space 512K, 98% used [0x00000000d5e80000,0x00000000d5efdf00,0x00000000d5f00000)
  to   space 1024K, 0% used [0x00000000d5f00000,0x00000000d5f00000,0x00000000d6000000)
 ParOldGen       total 253952K, used 253674K [0x0000000080000000, 0x000000008f800000, 0x00000000d5580000)
  object space 253952K, 99% used [0x0000000080000000,0x000000008f7ba8c8,0x000000008f800000)
 Metaspace       used 69402K, committed 71040K, reserved 1114112K
  class space    used 7083K, committed 7808K, reserved 1048576K
}
Event: 39.870 GC heap after
{Heap after GC invocations=573 (full 3):
 PSYoungGen      total 9728K, used 841K [0x00000000d5580000, 0x00000000d6000000, 0x0000000100000000)
  eden space 8704K, 0% used [0x00000000d5580000,0x00000000d5580000,0x00000000d5e00000)
  from space 1024K, 82% used [0x00000000d5f00000,0x00000000d5fd2698,0x00000000d6000000)
  to   space 1024K, 0% used [0x00000000d5e00000,0x00000000d5e00000,0x00000000d5f00000)
 ParOldGen       total 253952K, used 253834K [0x0000000080000000, 0x000000008f800000, 0x00000000d5580000)
  object space 253952K, 99% used [0x0000000080000000,0x000000008f7e28c8,0x000000008f800000)
 Metaspace       used 69402K, committed 71040K, reserved 1114112K
  class space    used 7083K, committed 7808K, reserved 1048576K
}
Event: 39.926 GC heap before
{Heap before GC invocations=574 (full 3):
 PSYoungGen      total 9728K, used 9545K [0x00000000d5580000, 0x00000000d6000000, 0x0000000100000000)
  eden space 8704K, 100% used [0x00000000d5580000,0x00000000d5e00000,0x00000000d5e00000)
  from space 1024K, 82% used [0x00000000d5f00000,0x00000000d5fd2698,0x00000000d6000000)
  to   space 1024K, 0% used [0x00000000d5e00000,0x00000000d5e00000,0x00000000d5f00000)
 ParOldGen       total 253952K, used 253834K [0x0000000080000000, 0x000000008f800000, 0x00000000d5580000)
  object space 253952K, 99% used [0x0000000080000000,0x000000008f7e28c8,0x000000008f800000)
 Metaspace       used 69432K, committed 71040K, reserved 1114112K
  class space    used 7087K, committed 7808K, reserved 1048576K
}
Event: 39.928 GC heap after
{Heap after GC invocations=574 (full 3):
 PSYoungGen      total 9728K, used 1017K [0x00000000d5580000, 0x00000000d6200000, 0x0000000100000000)
  eden space 8704K, 0% used [0x00000000d5580000,0x00000000d5580000,0x00000000d5e00000)
  from space 1024K, 99% used [0x00000000d5e00000,0x00000000d5efe540,0x00000000d5f00000)
  to   space 2048K, 0% used [0x00000000d6000000,0x00000000d6000000,0x00000000d6200000)
 ParOldGen       total 254464K, used 254286K [0x0000000080000000, 0x000000008f880000, 0x00000000d5580000)
  object space 254464K, 99% used [0x0000000080000000,0x000000008f853950,0x000000008f880000)
 Metaspace       used 69432K, committed 71040K, reserved 1114112K
  class space    used 7087K, committed 7808K, reserved 1048576K
}
Event: 40.087 GC heap before
{Heap before GC invocations=575 (full 3):
 PSYoungGen      total 9728K, used 9721K [0x00000000d5580000, 0x00000000d6200000, 0x0000000100000000)
  eden space 8704K, 100% used [0x00000000d5580000,0x00000000d5e00000,0x00000000d5e00000)
  from space 1024K, 99% used [0x00000000d5e00000,0x00000000d5efe540,0x00000000d5f00000)
  to   space 2048K, 0% used [0x00000000d6000000,0x00000000d6000000,0x00000000d6200000)
 ParOldGen       total 254464K, used 254286K [0x0000000080000000, 0x000000008f880000, 0x00000000d5580000)
  object space 254464K, 99% used [0x0000000080000000,0x000000008f853950,0x000000008f880000)
 Metaspace       used 69841K, committed 71424K, reserved 1114112K
  class space    used 7125K, committed 7808K, reserved 1048576K
}
Event: 40.089 GC heap after
{Heap after GC invocations=575 (full 3):
 PSYoungGen      total 9728K, used 608K [0x00000000d5580000, 0x00000000d6100000, 0x0000000100000000)
  eden space 8704K, 0% used [0x00000000d5580000,0x00000000d5580000,0x00000000d5e00000)
  from space 1024K, 59% used [0x00000000d6000000,0x00000000d6098000,0x00000000d6100000)
  to   space 1024K, 0% used [0x00000000d5e00000,0x00000000d5e00000,0x00000000d5f00000)
 ParOldGen       total 254976K, used 254691K [0x0000000080000000, 0x000000008f900000, 0x00000000d5580000)
  object space 254976K, 99% used [0x0000000080000000,0x000000008f8b8f88,0x000000008f900000)
 Metaspace       used 69841K, committed 71424K, reserved 1114112K
  class space    used 7125K, committed 7808K, reserved 1048576K
}

